<?xml version="1.0" encoding="UTF-8"?>
<testng-results skipped="0" failed="1" ignored="1" total="6" passed="4">
  <reporter-output>
  </reporter-output>
  <suite name="All Test Suite" duration-ms="92" started-at="2018-12-20T08:49:10Z" finished-at="2018-12-20T08:49:11Z">
    <groups>
    </groups>
    <test name="/Users/qitmac000442/Project/projects/xunit/testng/XunitDemo" duration-ms="92" started-at="2018-12-20T08:49:10Z" finished-at="2018-12-20T08:49:11Z">
      <class name="DemoXunit.LoginTest">
        <test-method status="FAIL" signature="testLogin(java.lang.String, java.lang.String, java.lang.String)[pri:0, instance:DemoXunit.LoginTest@28f67ac7]" name="testLogin" duration-ms="20" started-at="2018-12-20T08:49:11Z" data-provider="getData" finished-at="2018-12-20T08:49:11Z">
          <params>
            <param index="0">
              <value>
                <![CDATA[]]>
              </value>
            </param>
            <param index="1">
              <value>
                <![CDATA[]]>
              </value>
            </param>
            <param index="2">
              <value>
                <![CDATA[用户名或密码不能为]]>
              </value>
            </param>
          </params>
          <exception class="java.lang.AssertionError">
            <message>
              <![CDATA[expected [用户名或密码不能为] but found [用户名或密码不能为空]]]>
            </message>
            <full-stacktrace>
              <![CDATA[java.lang.AssertionError: expected [用户名或密码不能为] but found [用户名或密码不能为空]
at org.testng.Assert.fail(Assert.java:96)
at org.testng.Assert.failNotEquals(Assert.java:776)
at org.testng.Assert.assertEqualsImpl(Assert.java:137)
at org.testng.Assert.assertEquals(Assert.java:118)
at org.testng.Assert.assertEquals(Assert.java:453)
at org.testng.Assert.assertEquals(Assert.java:463)
at DemoXunit.LoginTest.testLogin(LoginTest.java:24)
at sun.reflect.NativeMethodAccessorImpl.invoke0(Native Method)
at sun.reflect.NativeMethodAccessorImpl.invoke(NativeMethodAccessorImpl.java:62)
at sun.reflect.DelegatingMethodAccessorImpl.invoke(DelegatingMethodAccessorImpl.java:43)
at java.lang.reflect.Method.invoke(Method.java:498)
at org.testng.internal.MethodInvocationHelper.invokeMethod(MethodInvocationHelper.java:124)
at org.testng.internal.Invoker.invokeMethod(Invoker.java:583)
at org.testng.internal.Invoker.invokeTestMethod(Invoker.java:719)
at org.testng.internal.Invoker.invokeTestMethods(Invoker.java:989)
at org.testng.internal.TestMethodWorker.invokeTestMethods(TestMethodWorker.java:125)
at org.testng.internal.TestMethodWorker.run(TestMethodWorker.java:109)
at org.testng.TestRunner.privateRun(TestRunner.java:648)
at org.testng.TestRunner.run(TestRunner.java:505)
at org.testng.SuiteRunner.runTest(SuiteRunner.java:455)
at org.testng.SuiteRunner.runSequentially(SuiteRunner.java:450)
at org.testng.SuiteRunner.privateRun(SuiteRunner.java:415)
at org.testng.SuiteRunner.run(SuiteRunner.java:364)
at org.testng.SuiteRunnerWorker.runSuite(SuiteRunnerWorker.java:52)
at org.testng.SuiteRunnerWorker.run(SuiteRunnerWorker.java:84)
at org.testng.TestNG.runSuitesSequentially(TestNG.java:1208)
at org.testng.TestNG.runSuitesLocally(TestNG.java:1137)
at org.testng.TestNG.runSuites(TestNG.java:1049)
at org.testng.TestNG.run(TestNG.java:1017)
at org.testng.IDEARemoteTestNG.run(IDEARemoteTestNG.java:72)
at org.testng.RemoteTestNGStarter.main(RemoteTestNGStarter.java:123)
]]>
            </full-stacktrace>
          </exception> <!-- java.lang.AssertionError -->
          <reporter-output>
          </reporter-output>
        </test-method> <!-- testLogin -->
        <test-method status="PASS" signature="testLogin(java.lang.String, java.lang.String, java.lang.String)[pri:0, instance:DemoXunit.LoginTest@28f67ac7]" name="testLogin" duration-ms="1" started-at="2018-12-20T08:49:11Z" data-provider="getData" finished-at="2018-12-20T08:49:11Z">
          <params>
            <param index="0">
              <value>
                <![CDATA[login]]>
              </value>
            </param>
            <param index="1">
              <value>
                <![CDATA[]]>
              </value>
            </param>
            <param index="2">
              <value>
                <![CDATA[用户名或密码不能为空]]>
              </value>
            </param>
          </params>
          <reporter-output>
          </reporter-output>
        </test-method> <!-- testLogin -->
        <test-method status="PASS" signature="testLogin(java.lang.String, java.lang.String, java.lang.String)[pri:0, instance:DemoXunit.LoginTest@28f67ac7]" name="testLogin" duration-ms="0" started-at="2018-12-20T08:49:11Z" data-provider="getData" finished-at="2018-12-20T08:49:11Z">
          <params>
            <param index="0">
              <value>
                <![CDATA[]]>
              </value>
            </param>
            <param index="1">
              <value>
                <![CDATA[123456]]>
              </value>
            </param>
            <param index="2">
              <value>
                <![CDATA[用户名或密码不能为空]]>
              </value>
            </param>
          </params>
          <reporter-output>
          </reporter-output>
        </test-method> <!-- testLogin -->
        <test-method status="PASS" signature="testLogin(java.lang.String, java.lang.String, java.lang.String)[pri:0, instance:DemoXunit.LoginTest@28f67ac7]" name="testLogin" duration-ms="0" started-at="2018-12-20T08:49:11Z" data-provider="getData" finished-at="2018-12-20T08:49:11Z">
          <params>
            <param index="0">
              <value>
                <![CDATA[admin]]>
              </value>
            </param>
            <param index="1">
              <value>
                <![CDATA[admin]]>
              </value>
            </param>
            <param index="2">
              <value>
                <![CDATA[欢迎管理员]]>
              </value>
            </param>
          </params>
          <reporter-output>
          </reporter-output>
        </test-method> <!-- testLogin -->
        <test-method status="PASS" signature="testLogin(java.lang.String, java.lang.String, java.lang.String)[pri:0, instance:DemoXunit.LoginTest@28f67ac7]" name="testLogin" duration-ms="0" started-at="2018-12-20T08:49:11Z" data-provider="getData" finished-at="2018-12-20T08:49:11Z">
          <params>
            <param index="0">
              <value>
                <![CDATA[login]]>
              </value>
            </param>
            <param index="1">
              <value>
                <![CDATA[123456]]>
              </value>
            </param>
            <param index="2">
              <value>
                <![CDATA[欢迎login]]>
              </value>
            </param>
          </params>
          <reporter-output>
          </reporter-output>
        </test-method> <!-- testLogin -->
      </class> <!-- DemoXunit.LoginTest -->
    </test> <!-- /Users/qitmac000442/Project/projects/xunit/testng/XunitDemo -->
  </suite> <!-- All Test Suite -->
</testng-results>
